#
# There is insufficient memory for the Java Runtime Environment to continue.
# Native memory allocation (malloc) failed to allocate 1048576 bytes for AllocateHeap
# Possible reasons:
#   The system is out of physical RAM or swap space
#   The process is running with CompressedOops enabled, and the Java Heap may be blocking the growth of the native heap
# Possible solutions:
#   Reduce memory load on the system
#   Increase physical memory or swap space
#   Check if swap backing store is full
#   Decrease Java heap size (-Xmx/-Xms)
#   Decrease number of Java threads
#   Decrease Java thread stack sizes (-Xss)
#   Set larger code cache with -XX:ReservedCodeCacheSize=
#   JVM is running with Unscaled Compressed Oops mode in which the Java heap is
#     placed in the first 4GB address space. The Java Heap base address is the
#     maximum limit for the native heap growth. Please use -XX:HeapBaseMinAddress
#     to set the Java Heap base and to place the Java Heap above 4GB virtual address.
# This output file may be truncated or incomplete.
#
#  Out of Memory Error (./open/src/hotspot/share/memory/allocation.cpp:46), pid=7460, tid=13464
#
# JRE version:  (11.0.17+10) (build )
# Java VM: Java HotSpot(TM) 64-Bit Server VM (11.0.17+10-LTS-269, mixed mode, sharing, tiered, compressed oops, g1 gc, windows-amd64)
# No core dump will be written. Minidumps are not enabled by default on client versions of Windows
#

---------------  S U M M A R Y ------------

Command Line: -Dapplication.home=C:\Program Files\Java\jdk-11.0.17 --add-modules=ALL-DEFAULT -Xms8m -Djdk.module.main=jdk.compiler jdk.compiler/com.sun.tools.javac.Main Simple.java

Host: Intel(R) Core(TM) i5-6300U CPU @ 2.40GHz, 4 cores, 7G,  Windows 11 , 64 bit Build 22000 (10.0.22000.2003)
Time: Tue Jul 25 18:45:41 2023 India Standard Time elapsed time: 0.020177 seconds (0d 0h 0m 0s)

---------------  T H R E A D  ---------------

Current thread (0x000001c9e0241000):  JavaThread "Unknown thread" [_thread_in_vm, id=13464, stack(0x00000096f1700000,0x00000096f1800000)]

Stack: [0x00000096f1700000,0x00000096f1800000]
Native frames: (J=compiled Java code, j=interpreted, Vv=VM code, C=native code)
V  [jvm.dll+0x62b5da]
V  [jvm.dll+0x7653df]
V  [jvm.dll+0x766a89]
V  [jvm.dll+0x767113]
V  [jvm.dll+0x23dd28]
V  [jvm.dll+0xb1494]
V  [jvm.dll+0x2cc258]
V  [jvm.dll+0x73f997]
V  [jvm.dll+0x74123f]
V  [jvm.dll+0x347039]
V  [jvm.dll+0x725280]
V  [jvm.dll+0x3b5c1f]
V  [jvm.dll+0x3b7d31]
C  [jli.dll+0x5207]
C  [ucrtbase.dll+0x26c0c]
C  [KERNEL32.DLL+0x155a0]
C  [ntdll.dll+0x485b]


---------------  P R O C E S S  ---------------

Threads class SMR info:
_java_thread_list=0x000001c9dfbc3af0, length=0, elements={
}

Java Threads: ( => current thread )

Other Threads:

=>0x000001c9e0241000 (exited) JavaThread "Unknown thread" [_thread_in_vm, id=13464, stack(0x00000096f1700000,0x00000096f1800000)]

Threads with active compile tasks:

VM state:not at safepoint (not fully initialized)

VM Mutex/Monitor currently owned by a thread: None


[error occurred during error reporting (printing compressed oops mode), id 0xc0000005, EXCEPTION_ACCESS_VIOLATION (0xc0000005) at pc=0x00007ff9f42c0887]

GC Heap History (0 events):
No events

Deoptimization events (0 events):
No events

Classes redefined (0 events):
No events

Internal exceptions (0 events):
No events

Events (0 events):
No events


Dynamic libraries:
0x00007ff71e460000 - 0x00007ff71e467000 	C:\Program Files\Java\jdk-11.0.17\bin\javac.exe
0x00007ffa1fb80000 - 0x00007ffa1fd89000 	C:\Windows\SYSTEM32\ntdll.dll
0x00007ffa1ec50000 - 0x00007ffa1ed0e000 	C:\Windows\System32\KERNEL32.DLL
0x00007ffa1d0c0000 - 0x00007ffa1d444000 	C:\Windows\System32\KERNELBASE.dll
0x00007ffa1d840000 - 0x00007ffa1d951000 	C:\Windows\System32\ucrtbase.dll
0x00007ff9f4740000 - 0x00007ff9f4755000 	C:\Program Files\Java\jdk-11.0.17\bin\VCRUNTIME140.dll
0x00007ff9f4760000 - 0x00007ff9f4778000 	C:\Program Files\Java\jdk-11.0.17\bin\jli.dll
0x00007ffa1e9c0000 - 0x00007ffa1ea6f000 	C:\Windows\System32\ADVAPI32.dll
0x00007ffa1f5a0000 - 0x00007ffa1f643000 	C:\Windows\System32\msvcrt.dll
0x00007ffa1f650000 - 0x00007ffa1f6ee000 	C:\Windows\System32\sechost.dll
0x00007ffa1ea70000 - 0x00007ffa1eb91000 	C:\Windows\System32\RPCRT4.dll
0x00007ffa1e220000 - 0x00007ffa1e3cd000 	C:\Windows\System32\USER32.dll
0x00007ffa1d450000 - 0x00007ffa1d476000 	C:\Windows\System32\win32u.dll
0x00007ffa1f570000 - 0x00007ffa1f59a000 	C:\Windows\System32\GDI32.dll
0x00007ffa1d480000 - 0x00007ffa1d59f000 	C:\Windows\System32\gdi32full.dll
0x00007ffa1d020000 - 0x00007ffa1d0bd000 	C:\Windows\System32\msvcp_win.dll
0x00007ffa10fc0000 - 0x00007ffa11265000 	C:\Windows\WinSxS\amd64_microsoft.windows.common-controls_6595b64144ccf1df_6.0.22000.120_none_9d947278b86cc467\COMCTL32.dll
0x00007ffa156f0000 - 0x00007ffa156fa000 	C:\Windows\SYSTEM32\VERSION.dll
0x00007ff9f46a0000 - 0x00007ff9f473b000 	C:\Program Files\Java\jdk-11.0.17\bin\msvcp140.dll
0x00007ff9f3b80000 - 0x00007ff9f469a000 	C:\Program Files\Java\jdk-11.0.17\bin\server\jvm.dll
0x00007ffa1e3d0000 - 0x00007ffa1e3d8000 	C:\Windows\System32\PSAPI.DLL
0x00007ffa17790000 - 0x00007ffa177c3000 	C:\Windows\SYSTEM32\WINMM.dll
0x00007ffa08760000 - 0x00007ffa08769000 	C:\Windows\SYSTEM32\WSOCK32.dll
0x00007ffa1ebe0000 - 0x00007ffa1ec4f000 	C:\Windows\System32\WS2_32.dll
0x00007ffa1c050000 - 0x00007ffa1c068000 	C:\Windows\SYSTEM32\kernel.appcore.dll
0x00007ff9fc5d0000 - 0x00007ff9fc5e0000 	C:\Program Files\Java\jdk-11.0.17\bin\verify.dll
0x00007ffa1a1d0000 - 0x00007ffa1a3f1000 	C:\Windows\SYSTEM32\DBGHELP.DLL
0x00007ffa08d50000 - 0x00007ffa08d81000 	C:\Windows\SYSTEM32\dbgcore.DLL
0x00007ffa1d960000 - 0x00007ffa1d9df000 	C:\Windows\System32\bcryptPrimitives.dll
0x00007ff9f3ac0000 - 0x00007ff9f3ae8000 	C:\Program Files\Java\jdk-11.0.17\bin\java.dll
0x00007ff9fb5c0000 - 0x00007ff9fb5ca000 	C:\Program Files\Java\jdk-11.0.17\bin\jimage.dll
0x00007ff9f3a80000 - 0x00007ff9f3a96000 	C:\Program Files\Java\jdk-11.0.17\bin\zip.dll

dbghelp: loaded successfully - version: 4.0.5 - missing functions: none
symbol engine: initialized successfully - sym options: 0x614 - pdb path: .;C:\Program Files\Java\jdk-11.0.17\bin;C:\Windows\SYSTEM32;C:\Windows\WinSxS\amd64_microsoft.windows.common-controls_6595b64144ccf1df_6.0.22000.120_none_9d947278b86cc467;C:\Program Files\Java\jdk-11.0.17\bin\server

VM Arguments:
jvm_args: -Dapplication.home=C:\Program Files\Java\jdk-11.0.17 --add-modules=ALL-DEFAULT -Xms8m -Djdk.module.main=jdk.compiler 
java_command: jdk.compiler/com.sun.tools.javac.Main Simple.java
java_class_path (initial): <not set>
Launcher Type: SUN_STANDARD

[Global flags]
     intx CICompilerCount                          = 3                                         {product} {ergonomic}
     uint G1ConcRefinementThreads                  = 4                                         {product} {ergonomic}
   size_t G1HeapRegionSize                         = 1048576                                   {product} {ergonomic}
    uintx GCDrainStackTargetSize                   = 64                                        {product} {ergonomic}
   size_t InitialHeapSize                          = 8388608                                   {product} {command line}
   size_t MaxHeapSize                              = 2120220672                                {product} {ergonomic}
   size_t MinHeapDeltaBytes                        = 1048576                                   {product} {ergonomic}
    uintx NonNMethodCodeHeapSize                   = 5830732                                {pd product} {ergonomic}
    uintx NonProfiledCodeHeapSize                  = 122913754                              {pd product} {ergonomic}
    uintx ProfiledCodeHeapSize                     = 122913754                              {pd product} {ergonomic}
    uintx ReservedCodeCacheSize                    = 251658240                              {pd product} {ergonomic}
     bool SegmentedCodeCache                       = true                                      {product} {ergonomic}
     bool UseCompressedClassPointers               = true                                 {lp64_product} {ergonomic}
     bool UseCompressedOops                        = true                                 {lp64_product} {ergonomic}
     bool UseG1GC                                  = true                                      {product} {ergonomic}
     bool UseLargePagesIndividualAllocation        = false                                  {pd product} {ergonomic}

Logging:
Log output configuration:
 #0: stdout all=warning uptime,level,tags
 #1: stderr all=off uptime,level,tags

Environment Variables:
PATH=C:\Program Files\apache-maven-3.8.7-bin\apache-maven-3.8.7\bin\;C:\Program Files\Common Files\Oracle\Java\javapath;C:\Users\Admin\AppData\Local\Programs\Python\Python38\Scripts\;C:\Users\Admin\AppData\Local\Programs\Python\Python38\;C:\Users\Admin\AppData\Local\Programs\Python\Python310;C:\Windows\system32;C:\Windows;C:\Windows\System32\Wbem;C:\Windows\System32\WindowsPowerShell\v1.0\;C:\Windows\System32\OpenSSH\;C:\Program Files\Microsoft SQL Server\150\Tools\Binn\;C:\Program Files\Microsoft SQL Server\Client SDK\ODBC\170\Tools\Binn\;C:\Program Files\dotnet\;C:\Program Files\PuTTY\;C:\Program Files\Git\cmd;C:\Program Files (x86)\Microsoft SQL Server\150\Tools\Binn\;C:\Program Files\Microsoft SQL Server\150\DTS\Binn\;C:\Program Files (x86)\Microsoft SQL Server\150\DTS\Binn\;C:\Program Files\Azure Data Studio\bin;C:\;C:\Program Files\nodejs\;C:\Windows\system32\config\systemprofile\AppData\Local\Microsoft\WindowsApps
USERNAME=DESKTOP-1RCPV87$
OS=Windows_NT
PROCESSOR_IDENTIFIER=Intel64 Family 6 Model 78 Stepping 3, GenuineIntel



---------------  S Y S T E M  ---------------

OS: Windows 11 , 64 bit Build 22000 (10.0.22000.2003)
Hyper-V role detected

CPU:total 4 (initial active 4) (2 cores per cpu, 2 threads per core) family 6 model 78 stepping 3 microcode 0xd6, cmov, cx8, fxsr, mmx, sse, sse2, sse3, ssse3, sse4.1, sse4.2, popcnt, avx, avx2, aes, clmul, erms, rtm, 3dnowpref, lzcnt, ht, tsc, tscinvbit, bmi1, bmi2, adx, fma

Memory: 4k page, system-wide physical 8087M (825M free)
TotalPageFile size 8087M (AvailPageFile size 5M)
current process WorkingSet (physical memory assigned to process): 9M, peak: 9M
current process commit charge ("private bytes"): 13M, peak: 14M

vm_info: Java HotSpot(TM) 64-Bit Server VM (11.0.17+10-LTS-269) for windows-amd64 JRE (11.0.17+10-LTS-269), built on Sep 13 2022 19:26:37 by "mach5one" with MS VC++ 15.9 (VS2017)

END.
