#
# There is insufficient memory for the Java Runtime Environment to continue.
# Native memory allocation (mmap) failed to map 134217728 bytes for Failed to commit area from 0x0000000081a00000 to 0x0000000089a00000 of length 134217728.
# Possible reasons:
#   The system is out of physical RAM or swap space
#   The process is running with CompressedOops enabled, and the Java Heap may be blocking the growth of the native heap
# Possible solutions:
#   Reduce memory load on the system
#   Increase physical memory or swap space
#   Check if swap backing store is full
#   Decrease Java heap size (-Xmx/-Xms)
#   Decrease number of Java threads
#   Decrease Java thread stack sizes (-Xss)
#   Set larger code cache with -XX:ReservedCodeCacheSize=
# This output file may be truncated or incomplete.
#
#  Out of Memory Error (./open/src/hotspot/os/windows/os_windows.cpp:3283), pid=7716, tid=7696
#
# JRE version:  (11.0.17+10) (build )
# Java VM: Java HotSpot(TM) 64-Bit Server VM (11.0.17+10-LTS-269, mixed mode, sharing, tiered, compressed oops, g1 gc, windows-amd64)
# No core dump will be written. Minidumps are not enabled by default on client versions of Windows
#

---------------  S U M M A R Y ------------

Command Line: Simple

Host: Intel(R) Core(TM) i5-6300U CPU @ 2.40GHz, 4 cores, 7G,  Windows 11 , 64 bit Build 22000 (10.0.22000.2003)
Time: Mon Jul 31 18:32:41 2023 India Standard Time elapsed time: 0.074937 seconds (0d 0h 0m 0s)

---------------  T H R E A D  ---------------

Current thread (0x00000162ada01000):  JavaThread "Unknown thread" [_thread_in_vm, id=7696, stack(0x00000014da500000,0x00000014da600000)]

Stack: [0x00000014da500000,0x00000014da600000]
Native frames: (J=compiled Java code, j=interpreted, Vv=VM code, C=native code)
V  [jvm.dll+0x62b5da]
V  [jvm.dll+0x7653df]
V  [jvm.dll+0x766a89]
V  [jvm.dll+0x767113]
V  [jvm.dll+0x23dd28]
V  [jvm.dll+0x62896a]
V  [jvm.dll+0x61d625]
V  [jvm.dll+0x2f2d3c]
V  [jvm.dll+0x2f2bc2]
V  [jvm.dll+0x2f78e6]
V  [jvm.dll+0x33a2df]
V  [jvm.dll+0x339d10]
V  [jvm.dll+0x2d0368]
V  [jvm.dll+0x2d14d6]
V  [jvm.dll+0x73f9a7]
V  [jvm.dll+0x74123f]
V  [jvm.dll+0x347039]
V  [jvm.dll+0x725280]
V  [jvm.dll+0x3b5c1f]
V  [jvm.dll+0x3b7d31]
C  [jli.dll+0x5207]
C  [ucrtbase.dll+0x26c0c]
C  [KERNEL32.DLL+0x155a0]
C  [ntdll.dll+0x485b]


---------------  P R O C E S S  ---------------

Threads class SMR info:
_java_thread_list=0x00000162ad442e00, length=0, elements={
}

Java Threads: ( => current thread )

Other Threads:
  0x00000162ada17000 GCTaskThread "GC Thread#0" [stack: 0x00000014da600000,0x00000014da700000] [id=5728]
  0x00000162ada49800 ConcurrentGCThread "G1 Main Marker" [stack: 0x00000014da700000,0x00000014da800000] [id=7416]
  0x00000162ada4b800 ConcurrentGCThread "G1 Conc#0" [stack: 0x00000014da800000,0x00000014da900000] [id=13172]

[error occurred during error reporting (printing all threads), id 0xc0000005, EXCEPTION_ACCESS_VIOLATION (0xc0000005) at pc=0x00007ffb6288f5f7]

VM state:not at safepoint (not fully initialized)

VM Mutex/Monitor currently owned by a thread:  ([mutex/lock_event])
[0x00000162ad9fd650] Heap_lock - owner thread: 0x00000162ada01000

Heap address: 0x0000000081a00000, size: 2022 MB, Compressed Oops mode: Non-zero based: 0x0000000081a00000
Narrow klass base: 0x0000000000000000, Narrow klass shift: 0

GC Heap History (0 events):
No events

Deoptimization events (0 events):
No events

Classes redefined (0 events):
No events

Internal exceptions (0 events):
No events

Events (0 events):
No events


Dynamic libraries:
0x00007ff76b090000 - 0x00007ff76b09f000 	C:\Program Files\Java\jdk-11.0.17\bin\java.exe
0x00007ffb8eb20000 - 0x00007ffb8ed29000 	C:\Windows\SYSTEM32\ntdll.dll
0x00007ffb8df60000 - 0x00007ffb8e01e000 	C:\Windows\System32\KERNEL32.DLL
0x00007ffb8c0f0000 - 0x00007ffb8c474000 	C:\Windows\System32\KERNELBASE.dll
0x00007ffb8c5f0000 - 0x00007ffb8c701000 	C:\Windows\System32\ucrtbase.dll
0x00007ffb632c0000 - 0x00007ffb632d8000 	C:\Program Files\Java\jdk-11.0.17\bin\jli.dll
0x00007ffb8d930000 - 0x00007ffb8d9df000 	C:\Windows\System32\ADVAPI32.dll
0x00007ffb8e6e0000 - 0x00007ffb8e783000 	C:\Windows\System32\msvcrt.dll
0x00007ffb8cfd0000 - 0x00007ffb8d06e000 	C:\Windows\System32\sechost.dll
0x00007ffb8e9a0000 - 0x00007ffb8eac1000 	C:\Windows\System32\RPCRT4.dll
0x00007ffb8dd20000 - 0x00007ffb8decd000 	C:\Windows\System32\USER32.dll
0x00007ffb8c950000 - 0x00007ffb8c976000 	C:\Windows\System32\win32u.dll
0x00007ffb8e970000 - 0x00007ffb8e99a000 	C:\Windows\System32\GDI32.dll
0x00007ffb8c830000 - 0x00007ffb8c94f000 	C:\Windows\System32\gdi32full.dll
0x00007ffb8c790000 - 0x00007ffb8c82d000 	C:\Windows\System32\msvcp_win.dll
0x00007ffb632e0000 - 0x00007ffb632f5000 	C:\Program Files\Java\jdk-11.0.17\bin\VCRUNTIME140.dll
0x00007ffb7fd90000 - 0x00007ffb80035000 	C:\Windows\WinSxS\amd64_microsoft.windows.common-controls_6595b64144ccf1df_6.0.22000.120_none_9d947278b86cc467\COMCTL32.dll
0x00007ffb84720000 - 0x00007ffb8472a000 	C:\Windows\SYSTEM32\VERSION.dll
0x00007ffb63220000 - 0x00007ffb632bb000 	C:\Program Files\Java\jdk-11.0.17\bin\msvcp140.dll
0x00007ffb625b0000 - 0x00007ffb630ca000 	C:\Program Files\Java\jdk-11.0.17\bin\server\jvm.dll
0x00007ffb8ead0000 - 0x00007ffb8ead8000 	C:\Windows\System32\PSAPI.DLL
0x00007ffb7f400000 - 0x00007ffb7f409000 	C:\Windows\SYSTEM32\WSOCK32.dll
0x00007ffb8ca60000 - 0x00007ffb8cacf000 	C:\Windows\System32\WS2_32.dll
0x00007ffb86710000 - 0x00007ffb86743000 	C:\Windows\SYSTEM32\WINMM.dll
0x00007ffb8aff0000 - 0x00007ffb8b008000 	C:\Windows\SYSTEM32\kernel.appcore.dll
0x00007ffb64200000 - 0x00007ffb64210000 	C:\Program Files\Java\jdk-11.0.17\bin\verify.dll
0x00007ffb89200000 - 0x00007ffb89421000 	C:\Windows\SYSTEM32\DBGHELP.DLL
0x00007ffb7e760000 - 0x00007ffb7e791000 	C:\Windows\SYSTEM32\dbgcore.DLL
0x00007ffb8c710000 - 0x00007ffb8c78f000 	C:\Windows\System32\bcryptPrimitives.dll
0x00007ffb631f0000 - 0x00007ffb63218000 	C:\Program Files\Java\jdk-11.0.17\bin\java.dll
0x00007ffb631e0000 - 0x00007ffb631ea000 	C:\Program Files\Java\jdk-11.0.17\bin\jimage.dll
0x00007ffb620e0000 - 0x00007ffb620f6000 	C:\Program Files\Java\jdk-11.0.17\bin\zip.dll

dbghelp: loaded successfully - version: 4.0.5 - missing functions: none
symbol engine: initialized successfully - sym options: 0x614 - pdb path: .;C:\Program Files\Java\jdk-11.0.17\bin;C:\Windows\SYSTEM32;C:\Windows\WinSxS\amd64_microsoft.windows.common-controls_6595b64144ccf1df_6.0.22000.120_none_9d947278b86cc467;C:\Program Files\Java\jdk-11.0.17\bin\server

VM Arguments:
java_command: Simple
java_class_path (initial): .
Launcher Type: SUN_STANDARD

[Global flags]
     intx CICompilerCount                          = 3                                         {product} {ergonomic}
     uint ConcGCThreads                            = 1                                         {product} {ergonomic}
     uint G1ConcRefinementThreads                  = 4                                         {product} {ergonomic}
   size_t G1HeapRegionSize                         = 1048576                                   {product} {ergonomic}
    uintx GCDrainStackTargetSize                   = 64                                        {product} {ergonomic}
   size_t InitialHeapSize                          = 134217728                                 {product} {ergonomic}
   size_t MarkStackSize                            = 4194304                                   {product} {ergonomic}
   size_t MaxHeapSize                              = 2120220672                                {product} {ergonomic}
   size_t MinHeapDeltaBytes                        = 1048576                                   {product} {ergonomic}
    uintx NonNMethodCodeHeapSize                   = 5830732                                {pd product} {ergonomic}
    uintx NonProfiledCodeHeapSize                  = 122913754                              {pd product} {ergonomic}
    uintx ProfiledCodeHeapSize                     = 122913754                              {pd product} {ergonomic}
    uintx ReservedCodeCacheSize                    = 251658240                              {pd product} {ergonomic}
     bool SegmentedCodeCache                       = true                                      {product} {ergonomic}
     bool UseCompressedClassPointers               = true                                 {lp64_product} {ergonomic}
     bool UseCompressedOops                        = true                                 {lp64_product} {ergonomic}
     bool UseG1GC                                  = true                                      {product} {ergonomic}
     bool UseLargePagesIndividualAllocation        = false                                  {pd product} {ergonomic}

Logging:
Log output configuration:
 #0: stdout all=warning uptime,level,tags
 #1: stderr all=off uptime,level,tags

Environment Variables:
PATH=C:\Program Files\apache-maven-3.8.7-bin\apache-maven-3.8.7\bin\;C:\Program Files\Common Files\Oracle\Java\javapath;C:\Users\Admin\AppData\Local\Programs\Python\Python38\Scripts\;C:\Users\Admin\AppData\Local\Programs\Python\Python38\;C:\Users\Admin\AppData\Local\Programs\Python\Python310;C:\Windows\system32;C:\Windows;C:\Windows\System32\Wbem;C:\Windows\System32\WindowsPowerShell\v1.0\;C:\Windows\System32\OpenSSH\;C:\Program Files\Microsoft SQL Server\150\Tools\Binn\;C:\Program Files\Microsoft SQL Server\Client SDK\ODBC\170\Tools\Binn\;C:\Program Files\dotnet\;C:\Program Files\PuTTY\;C:\Program Files\Git\cmd;C:\Program Files (x86)\Microsoft SQL Server\150\Tools\Binn\;C:\Program Files\Microsoft SQL Server\150\DTS\Binn\;C:\Program Files (x86)\Microsoft SQL Server\150\DTS\Binn\;C:\Program Files\Azure Data Studio\bin;C:\;C:\Program Files\nodejs\;C:\Windows\system32\config\systemprofile\AppData\Local\Microsoft\WindowsApps
USERNAME=DESKTOP-1RCPV87$
OS=Windows_NT
PROCESSOR_IDENTIFIER=Intel64 Family 6 Model 78 Stepping 3, GenuineIntel



---------------  S Y S T E M  ---------------

OS: Windows 11 , 64 bit Build 22000 (10.0.22000.2003)
Hyper-V role detected

CPU:total 4 (initial active 4) (2 cores per cpu, 2 threads per core) family 6 model 78 stepping 3 microcode 0xd6, cmov, cx8, fxsr, mmx, sse, sse2, sse3, ssse3, sse4.1, sse4.2, popcnt, avx, avx2, aes, clmul, erms, rtm, 3dnowpref, lzcnt, ht, tsc, tscinvbit, bmi1, bmi2, adx, fma

Memory: 4k page, system-wide physical 8087M (951M free)
TotalPageFile size 8087M (AvailPageFile size 65M)
current process WorkingSet (physical memory assigned to process): 10M, peak: 10M
current process commit charge ("private bytes"): 51M, peak: 179M

vm_info: Java HotSpot(TM) 64-Bit Server VM (11.0.17+10-LTS-269) for windows-amd64 JRE (11.0.17+10-LTS-269), built on Sep 13 2022 19:26:37 by "mach5one" with MS VC++ 15.9 (VS2017)

END.
